# ELBREAD: Elaboration process.
# ELBREAD: Elaboration time 0.0 [s].
acom -O3 -e 100 -work Computer_Architechture -2002  $dsn/src/full_adder_code.vhd
# Warning: DAGGEN_0523: The source is compiled without the -dbg switch. Line breakpoints and assertion debug will not be available.
# File: C:/Users/saika/OneDrive/Documents/Source Code/Digital Designs/Designs/Computer Architechture/src/full_adder_code.vhd
# Compile Entity "full_adder_code"
# Compile Architecture "behav" of Entity "full_adder_code"
# Compile success 0 Errors 0 Warnings  Analysis time :  63.0 [ms]
asim -O5 +access +r +m+not_code not_code behav
# ELBREAD: Elaboration process.
# ELBREAD: Elaboration time 0.0 [s].
# VSIM: Stack memory: 32MB
# VSIM: Retval memory: 32MB
# 
# KERNEL: Main thread initiated.
# KERNEL: Kernel process initialization phase.
# ELAB2: Elaboration final pass...
# ELAB2: Create instances ...
# KERNEL: Time resolution set to 1ps.
# ELAB2: Create instances complete.
# SLP: Started
# SLP: Elaboration phase ...
# SLP: Elaboration phase ... skipped, nothing to simulate in SLP mode : 0.0 [s]
# SLP: Finished : 0.0 [s]
# ELAB2: Elaboration final pass complete - time: 0.0 [s].
# KERNEL: Warning: You are using the Active-HDL Student Edition. The performance of simulation is running at a reduced rate.
# KERNEL: Warning: Contact Aldec for available upgrade options - sales@aldec.com.
# KERNEL: Kernel process initialization done.
# Allocation: Simulator allocated 5396 kB (elbread=427 elab2=4830 kernel=138 sdf=0)
# KERNEL: ASDB file was created in location C:\Users\saika\OneDrive\Documents\Source Code\Digital Designs\Designs\Computer Architechture\src\wave.asdb
# Stimuli: Warning: The stimuli set "StimuliSet39" has been made inactive.
#  1:14 PM, Sunday, April 30, 2023
#  Simulation has been initialized
# ELBREAD: Elaboration process.
# ELBREAD: Elaboration time 0.0 [s].
# Error: Accelerated Waveform: Simulation database is not connected. Initialize simulation or load simulation database by opening waveform file (AWC, ASDB).
asim -O5 +access +r +m+full_adder_code full_adder_code behav
# ELBREAD: Elaboration process.
# ELBREAD: Elaboration time 0.0 [s].
# VSIM: Stack memory: 32MB
# VSIM: Retval memory: 32MB
# 
# KERNEL: Main thread initiated.
# KERNEL: Kernel process initialization phase.
# ELAB2: Elaboration final pass...
# ELAB2: Create instances ...
# KERNEL: Time resolution set to 1ps.
# ELAB2: Create instances complete.
# SLP: Started
# SLP: Elaboration phase ...
# SLP: Elaboration phase ... skipped, nothing to simulate in SLP mode : 0.0 [s]
# SLP: Finished : 0.0 [s]
# ELAB2: Elaboration final pass complete - time: 0.0 [s].
# KERNEL: Warning: You are using the Active-HDL Student Edition. The performance of simulation is running at a reduced rate.
# KERNEL: Warning: Contact Aldec for available upgrade options - sales@aldec.com.
# KERNEL: Kernel process initialization done.
# Allocation: Simulator allocated 6420 kB (elbread=427 elab2=5854 kernel=139 sdf=0)
# KERNEL: ASDB file was created in location C:\Users\saika\OneDrive\Documents\Source Code\Digital Designs\Designs\Computer Architechture\src\wave.asdb
#  1:15 PM, Sunday, April 30, 2023
#  Simulation has been initialized
# VSIM: 5 object(s) traced.
# Waveform file 'untitled.awc' connected to 'C:/Users/saika/OneDrive/Documents/Source Code/Digital Designs/Designs/Computer Architechture/src/wave.asdb'.
run @200ns
# KERNEL: stopped at time: 200 ns
acom -O3 -e 100 -work Computer_Architechture -2002  $dsn/src/full_adder_code.vhd
# Warning: DAGGEN_0523: The source is compiled without the -dbg switch. Line breakpoints and assertion debug will not be available.
# File: C:/Users/saika/OneDrive/Documents/Source Code/Digital Designs/Designs/Computer Architechture/src/full_adder_code.vhd
# Compile Entity "full_adder_code"
# Compile Architecture "behav" of Entity "full_adder_code"
# Compile success 0 Errors 0 Warnings  Analysis time :  16.0 [ms]
acom -O3 -e 100 -work Computer_Architechture -2002  $dsn/src/Four_bit_adder_code.vhd
# Warning: DAGGEN_0523: The source is compiled without the -dbg switch. Line breakpoints and assertion debug will not be available.
# File: C:/Users/saika/OneDrive/Documents/Source Code/Digital Designs/Designs/Computer Architechture/src/Four_bit_adder_code.vhd
# Error: COMP96_0018: Four_bit_adder_code.vhd : (1, 5): Identifier expected.
# Error: COMP96_0016: Four_bit_adder_code.vhd : (1, 13): Design unit declaration expected.
# Compile Entity "four_bit_adder_code"
# Error: COMP96_0078: Four_bit_adder_code.vhd : (2, 5): Unknown identifier "IEEE".
# Error: COMP96_0078: Four_bit_adder_code.vhd : (6, 43): Unknown identifier "STD_LOGIC".
# Error: COMP96_0064: Four_bit_adder_code.vhd : (6, 43): Unknown type.
# Error: COMP96_0078: Four_bit_adder_code.vhd : (7, 29): Unknown identifier "STD_LOGIC".
# Error: COMP96_0064: Four_bit_adder_code.vhd : (7, 29): Unknown type.
# Compile Architecture "behav" of Entity "four_bit_adder_code"
# Error: COMP96_0056: Four_bit_adder_code.vhd : (12, 1): Cannot find referenced entity declaration "four_bit_adder_code".
# Compile failure 8 Errors 0 Warnings  Analysis time :  16.0 [ms]
acom -O3 -e 100 -work Computer_Architechture -2002  $dsn/src/Four_bit_adder_code.vhd
# Warning: DAGGEN_0523: The source is compiled without the -dbg switch. Line breakpoints and assertion debug will not be available.
# File: C:/Users/saika/OneDrive/Documents/Source Code/Digital Designs/Designs/Computer Architechture/src/Four_bit_adder_code.vhd
# Compile Entity "four_bit_adder_code"
# Compile Architecture "behav" of Entity "four_bit_adder_code"
# Compile success 0 Errors 0 Warnings  Analysis time :  16.0 [ms]
# ELBREAD: Elaboration process.
# ELBREAD: Elaboration time 0.0 [s].
asim -O5 +access +r +m+four_bit_adder_code four_bit_adder_code behav
# ELBREAD: Elaboration process.
# ELBREAD: Elaboration time 0.0 [s].
# VSIM: Stack memory: 32MB
# VSIM: Retval memory: 32MB
# 
# KERNEL: Main thread initiated.
# KERNEL: Kernel process initialization phase.
# ELAB2: Elaboration final pass...
# ELAB2: Create instances ...
# KERNEL: Time resolution set to 1ps.
# ELAB2: Create instances complete.
# SLP: Started
# SLP: Elaboration phase ...
# SLP: Elaboration phase ... skipped, nothing to simulate in SLP mode : 0.0 [s]
# SLP: Finished : 0.0 [s]
# ELAB2: Elaboration final pass complete - time: 0.0 [s].
# KERNEL: Warning: You are using the Active-HDL Student Edition. The performance of simulation is running at a reduced rate.
# KERNEL: Warning: Contact Aldec for available upgrade options - sales@aldec.com.
# KERNEL: Kernel process initialization done.
# Allocation: Simulator allocated 6421 kB (elbread=427 elab2=5855 kernel=139 sdf=0)
# KERNEL: ASDB file was created in location C:\Users\saika\OneDrive\Documents\Source Code\Digital Designs\Designs\Computer Architechture\src\wave.asdb
# Stimuli: Warning: The stimuli set "StimuliSet40" has been made inactive.
#  1:35 PM, Sunday, April 30, 2023
#  Simulation has been initialized
# Waveform file 'untitled.awc' connected to 'C:/Users/saika/OneDrive/Documents/Source Code/Digital Designs/Designs/Computer Architechture/src/wave.asdb'.
# Warning: WAVEFORM: Object matching /full_adder_code/A not found in C:/Users/saika/OneDrive/Documents/Source Code/Digital Designs/Designs/Computer Architechture/src/wave.asdb.
# Warning: WAVEFORM: Object matching /full_adder_code/B not found in C:/Users/saika/OneDrive/Documents/Source Code/Digital Designs/Designs/Computer Architechture/src/wave.asdb.
# Warning: WAVEFORM: Object matching /full_adder_code/Cin not found in C:/Users/saika/OneDrive/Documents/Source Code/Digital Designs/Designs/Computer Architechture/src/wave.asdb.
# Warning: WAVEFORM: Object matching /full_adder_code/Sum not found in C:/Users/saika/OneDrive/Documents/Source Code/Digital Designs/Designs/Computer Architechture/src/wave.asdb.
# Warning: WAVEFORM: Object matching /full_adder_code/Cout not found in C:/Users/saika/OneDrive/Documents/Source Code/Digital Designs/Designs/Computer Architechture/src/wave.asdb.
# VSIM: 17 object(s) traced.
# KERNEL: Warning: KERNEL_0291 Object "/four_bit_adder_code/A3" has already been traced.
# VSIM: 0 object(s) traced.
run @12800ns
# KERNEL: stopped at time: 12800 ns
