Active-HDL 13.0.376.8320 2023-04-09 16:56:27

Elaboration top modules:
Architecture                  behav(not_code)


----------------------------------------------------------------------------------------------------------
Entity   | Architecture | Library                | Info | Compiler Version          | Compilation Options
----------------------------------------------------------------------------------------------------------
not_code | behav        | computer_architechture |      | 13.0.376.8320 (Windows64) | -O3
----------------------------------------------------------------------------------------------------------

----------------------------------------------------------------------------------------------------------
VHDL Package            | Library                | Info | Compiler Version          | Compilation Options
----------------------------------------------------------------------------------------------------------
standard                | std                    |      |                           | <unavailable>
TEXTIO                  | std                    |      | 13.0.376.8320 (Windows64) |  -2019
std_logic_1164          | ieee                   |      | 13.0.376.8320 (Windows64) |  -2008
----------------------------------------------------------------------------------------------------------

----------------------------------------------------------------------------------------------------------
Library                 | Comment
----------------------------------------------------------------------------------------------------------
computer_architechture  | None
ieee                    | Standard IEEE packages library
std                     | Standard VHDL library
----------------------------------------------------------------------------------------------------------


Simulation Options: asim -O5 +access +r +m+not_code not_code behav


The performance of simulation is reduced. Version Student Edition
